0 info it worked if it ends with ok
1 verbose cli [ '/usr/local/bin/node',
1 verbose cli   '/usr/local/lib/node_modules/cnpm/node_modules/.bin/npm',
1 verbose cli   '--userconfig=/Users/hida/.cnpmrc',
1 verbose cli   '--disturl=https://npm.taobao.org/mirrors/node',
1 verbose cli   '--registry=https://registry.npm.taobao.org',
1 verbose cli   'publish' ]
2 info using npm@3.10.10
3 info using node@v7.4.0
4 verbose publish [ '.' ]
5 silly cache add args [ '.', null ]
6 verbose cache add spec .
7 silly cache add parsed spec Result {
7 silly cache add   raw: '.',
7 silly cache add   scope: null,
7 silly cache add   escapedName: null,
7 silly cache add   name: null,
7 silly cache add   rawSpec: '.',
7 silly cache add   spec: '/Users/hida/Desktop/SSCPlugin_GuoXin',
7 silly cache add   type: 'directory' }
8 verbose addLocalDirectory /Users/hida/.npm/cordova-plugin-sscybzguoxin/0.0.1/package.tgz not in flight; packing
9 verbose correctMkdir /Users/hida/.npm correctMkdir not in flight; initializing
10 info lifecycle cordova-plugin-sscybzguoxin@0.0.1~prepublish: cordova-plugin-sscybzguoxin@0.0.1
11 silly lifecycle cordova-plugin-sscybzguoxin@0.0.1~prepublish: no script for prepublish, continuing
12 verbose tar pack [ '/Users/hida/.npm/cordova-plugin-sscybzguoxin/0.0.1/package.tgz',
12 verbose tar pack   '/Users/hida/Desktop/SSCPlugin_GuoXin' ]
13 verbose tarball /Users/hida/.npm/cordova-plugin-sscybzguoxin/0.0.1/package.tgz
14 verbose folder /Users/hida/Desktop/SSCPlugin_GuoXin
15 verbose addLocalTarball adding from inside cache /Users/hida/.npm/cordova-plugin-sscybzguoxin/0.0.1/package.tgz
16 verbose correctMkdir /Users/hida/.npm correctMkdir not in flight; initializing
17 silly cache afterAdd cordova-plugin-sscybzguoxin@0.0.1
18 verbose afterAdd /Users/hida/.npm/cordova-plugin-sscybzguoxin/0.0.1/package/package.json not in flight; writing
19 verbose correctMkdir /Users/hida/.npm correctMkdir not in flight; initializing
20 verbose afterAdd /Users/hida/.npm/cordova-plugin-sscybzguoxin/0.0.1/package/package.json written
21 silly publish { name: 'cordova-plugin-sscybzguoxin',
21 silly publish   version: '0.0.1',
21 silly publish   description: 'upload and download photos',
21 silly publish   main: 'index.js',
21 silly publish   scripts: { test: 'echo "Error: no test specified" && exit 1' },
21 silly publish   repository:
21 silly publish    { type: 'git',
21 silly publish      url: 'git+https://github.com/chd123456/SSCPlugin_GuoXin.git' },
21 silly publish   keywords: [ 'photos' ],
21 silly publish   author: { name: 'Hida' },
21 silly publish   license: 'MIT',
21 silly publish   bugs: { url: 'https://github.com/chd123456/SSCPlugin_GuoXin/issues' },
21 silly publish   homepage: 'https://github.com/chd123456/SSCPlugin_GuoXin#readme',
21 silly publish   gitHead: '0a3b8e43f300e38e3afa375122384cc71468b652',
21 silly publish   readme: 'ERROR: No README data found!',
21 silly publish   _id: 'cordova-plugin-sscybzguoxin@0.0.1',
21 silly publish   _shasum: 'f5ebbd354c1c3053889ea70dfd1d58f7a2a965c7',
21 silly publish   _from: '.' }
22 verbose getPublishConfig undefined
23 silly mapToRegistry name cordova-plugin-sscybzguoxin
24 silly mapToRegistry using default registry
25 silly mapToRegistry registry https://registry.npm.taobao.org/
26 silly mapToRegistry data Result {
26 silly mapToRegistry   raw: 'cordova-plugin-sscybzguoxin',
26 silly mapToRegistry   scope: null,
26 silly mapToRegistry   escapedName: 'cordova-plugin-sscybzguoxin',
26 silly mapToRegistry   name: 'cordova-plugin-sscybzguoxin',
26 silly mapToRegistry   rawSpec: '',
26 silly mapToRegistry   spec: 'latest',
26 silly mapToRegistry   type: 'tag' }
27 silly mapToRegistry uri https://registry.npm.taobao.org/cordova-plugin-sscybzguoxin
28 verbose publish registryBase https://registry.npm.taobao.org/
29 silly publish uploading /Users/hida/.npm/cordova-plugin-sscybzguoxin/0.0.1/package.tgz
30 verbose request uri https://registry.npm.taobao.org/cordova-plugin-sscybzguoxin
31 verbose request sending authorization for write operation
32 info attempt registry request try #1 at 12:44:23
33 verbose request id 2fec64f58f1a1237
34 http request PUT https://registry.npm.taobao.org/cordova-plugin-sscybzguoxin
35 http 413 https://registry.npm.taobao.org/cordova-plugin-sscybzguoxin
36 verbose bad json <html>
36 verbose bad json <head><title>413 Request Entity Too Large</title></head>
36 verbose bad json <body bgcolor="white">
36 verbose bad json <center><h1>413 Request Entity Too Large</h1></center>
36 verbose bad json <hr><center>nginx/1.4.6 (Ubuntu)</center>
36 verbose bad json </body>
36 verbose bad json </html>
37 error registry error parsing json
38 verbose headers { date: 'Sat, 18 Feb 2017 04:44:24 GMT',
38 verbose headers   'content-type': 'text/html',
38 verbose headers   'content-length': '207',
38 verbose headers   connection: 'keep-alive' }
39 verbose request invalidating /Users/hida/.npm/registry.npm.taobao.org/cordova-plugin-sscybzguoxin on PUT
40 error publish Failed PUT 413
41 verbose stack SyntaxError: Unexpected token < in JSON at position 0
41 verbose stack <html>
41 verbose stack <head><title>413 Request Entity Too Large</title></head>
41 verbose stack <body bgcolor="white">
41 verbose stack <center><h1>413 Request Entity Too Large</h1></center>
41 verbose stack <hr><center>nginx/1.4.6 (Ubuntu)</center>
41 verbose stack </body>
41 verbose stack </html>
41 verbose stack
41 verbose stack     at JSON.parse (<anonymous>)
41 verbose stack     at CachingRegistryClient.<anonymous> (/usr/local/lib/node_modules/cnpm/node_modules/npm/node_modules/npm-registry-client/lib/request.js:237:23)
41 verbose stack     at Request._callback (/usr/local/lib/node_modules/cnpm/node_modules/npm/node_modules/npm-registry-client/lib/request.js:210:14)
41 verbose stack     at Request.self.callback (/usr/local/lib/node_modules/cnpm/node_modules/npm/node_modules/request/request.js:187:22)
41 verbose stack     at emitTwo (events.js:106:13)
41 verbose stack     at Request.emit (events.js:191:7)
41 verbose stack     at Request.<anonymous> (/usr/local/lib/node_modules/cnpm/node_modules/npm/node_modules/request/request.js:1048:10)
41 verbose stack     at emitOne (events.js:96:13)
41 verbose stack     at Request.emit (events.js:188:7)
41 verbose stack     at IncomingMessage.<anonymous> (/usr/local/lib/node_modules/cnpm/node_modules/npm/node_modules/request/request.js:969:12)
42 verbose cwd /Users/hida/Desktop/SSCPlugin_GuoXin
43 error Darwin 16.1.0
44 error argv "/usr/local/bin/node" "/usr/local/lib/node_modules/cnpm/node_modules/.bin/npm" "--userconfig=/Users/hida/.cnpmrc" "--disturl=https://npm.taobao.org/mirrors/node" "--registry=https://registry.npm.taobao.org" "publish"
45 error node v7.4.0
46 error npm  v3.10.10
47 error Unexpected token < in JSON at position 0
47 error <html>
47 error <head><title>413 Request Entity Too Large</title></head>
47 error <body bgcolor="white">
47 error <center><h1>413 Request Entity Too Large</h1></center>
47 error <hr><center>nginx/1.4.6 (Ubuntu)</center>
47 error </body>
47 error </html>
48 error If you need help, you may report this error at:
48 error     <https://github.com/npm/npm/issues>
49 verbose exit [ 1, true ]
